{"/Users/damianrafferty/Projects/WotNow/lib/services/weatherService.ts": {"path":"/Users/damianrafferty/Projects/WotNow/lib/services/weatherService.ts","statementMap":{"0":{"start":{"line":1143,"column":2},"end":{"line":1143,"column":null}},"1":{"start":{"line":1142,"column":2},"end":{"line":1142,"column":null}},"2":{"start":{"line":1139,"column":2},"end":{"line":1139,"column":null}},"3":{"start":{"line":1137,"column":2},"end":{"line":1137,"column":null}},"4":{"start":{"line":1136,"column":2},"end":{"line":1136,"column":null}},"5":{"start":{"line":1140,"column":2},"end":{"line":1140,"column":null}},"6":{"start":{"line":1138,"column":2},"end":{"line":1138,"column":null}},"7":{"start":{"line":1147,"column":2},"end":{"line":1147,"column":null}},"8":{"start":{"line":1148,"column":2},"end":{"line":1148,"column":null}},"9":{"start":{"line":1144,"column":2},"end":{"line":1144,"column":null}},"10":{"start":{"line":1145,"column":2},"end":{"line":1145,"column":null}},"11":{"start":{"line":1125,"column":2},"end":{"line":1125,"column":null}},"12":{"start":{"line":1127,"column":2},"end":{"line":1127,"column":null}},"13":{"start":{"line":1129,"column":2},"end":{"line":1129,"column":null}},"14":{"start":{"line":1135,"column":2},"end":{"line":1135,"column":null}},"15":{"start":{"line":1128,"column":2},"end":{"line":1128,"column":null}},"16":{"start":{"line":1132,"column":2},"end":{"line":1132,"column":null}},"17":{"start":{"line":1141,"column":2},"end":{"line":1141,"column":null}},"18":{"start":{"line":1124,"column":2},"end":{"line":1124,"column":null}},"19":{"start":{"line":1131,"column":2},"end":{"line":1131,"column":null}},"20":{"start":{"line":1123,"column":2},"end":{"line":1123,"column":null}},"21":{"start":{"line":1130,"column":2},"end":{"line":1130,"column":null}},"22":{"start":{"line":1126,"column":2},"end":{"line":1126,"column":null}},"23":{"start":{"line":1122,"column":2},"end":{"line":1122,"column":null}},"24":{"start":{"line":1146,"column":2},"end":{"line":1146,"column":null}},"25":{"start":{"line":1134,"column":2},"end":{"line":1134,"column":null}},"26":{"start":{"line":1133,"column":2},"end":{"line":1133,"column":null}},"27":{"start":{"line":24,"column":4},"end":{"line":32,"column":null}},"28":{"start":{"line":24,"column":17},"end":{"line":24,"column":20}},"29":{"start":{"line":25,"column":20},"end":{"line":30,"column":null}},"30":{"start":{"line":26,"column":8},"end":{"line":28,"column":null}},"31":{"start":{"line":27,"column":10},"end":{"line":27,"column":null}},"32":{"start":{"line":29,"column":8},"end":{"line":29,"column":null}},"33":{"start":{"line":31,"column":6},"end":{"line":31,"column":null}},"34":{"start":{"line":31,"column":49},"end":{"line":31,"column":null}},"35":{"start":{"line":33,"column":4},"end":{"line":33,"column":null}},"36":{"start":{"line":37,"column":28},"end":{"line":39,"column":null}},"37":{"start":{"line":41,"column":2},"end":{"line":63,"column":null}},"38":{"start":{"line":81,"column":17},"end":{"line":81,"column":56}},"39":{"start":{"line":83,"column":2},"end":{"line":85,"column":null}},"40":{"start":{"line":84,"column":4},"end":{"line":84,"column":null}},"41":{"start":{"line":87,"column":2},"end":{"line":121,"column":null}},"42":{"start":{"line":89,"column":24},"end":{"line":94,"column":null}},"43":{"start":{"line":97,"column":30},"end":{"line":97,"column":null}},"44":{"start":{"line":98,"column":4},"end":{"line":102,"column":null}},"45":{"start":{"line":99,"column":6},"end":{"line":99,"column":null}},"46":{"start":{"line":101,"column":6},"end":{"line":101,"column":null}},"47":{"start":{"line":105,"column":28},"end":{"line":105,"column":30}},"48":{"start":{"line":106,"column":4},"end":{"line":110,"column":null}},"49":{"start":{"line":107,"column":6},"end":{"line":107,"column":null}},"50":{"start":{"line":109,"column":6},"end":{"line":109,"column":null}},"51":{"start":{"line":113,"column":4},"end":{"line":117,"column":null}},"52":{"start":{"line":119,"column":4},"end":{"line":119,"column":null}},"53":{"start":{"line":120,"column":4},"end":{"line":120,"column":null}},"54":{"start":{"line":145,"column":17},"end":{"line":151,"column":null}},"55":{"start":{"line":152,"column":14},"end":{"line":152,"column":58}},"56":{"start":{"line":153,"column":19},"end":{"line":153,"column":null}},"57":{"start":{"line":154,"column":24},"end":{"line":154,"column":null}},"58":{"start":{"line":155,"column":2},"end":{"line":155,"column":null}},"59":{"start":{"line":155,"column":20},"end":{"line":155,"column":null}},"60":{"start":{"line":157,"column":2},"end":{"line":157,"column":null}},"61":{"start":{"line":177,"column":14},"end":{"line":177,"column":107}},"62":{"start":{"line":178,"column":19},"end":{"line":178,"column":null}},"63":{"start":{"line":179,"column":15},"end":{"line":179,"column":null}},"64":{"start":{"line":180,"column":2},"end":{"line":180,"column":null}},"65":{"start":{"line":180,"column":20},"end":{"line":180,"column":null}},"66":{"start":{"line":181,"column":2},"end":{"line":181,"column":null}},"67":{"start":{"line":242,"column":23},"end":{"line":242,"column":32}},"68":{"start":{"line":243,"column":17},"end":{"line":243,"column":50}},"69":{"start":{"line":245,"column":2},"end":{"line":247,"column":null}},"70":{"start":{"line":246,"column":4},"end":{"line":246,"column":null}},"71":{"start":{"line":249,"column":14},"end":{"line":249,"column":86}},"72":{"start":{"line":251,"column":2},"end":{"line":278,"column":null}},"73":{"start":{"line":252,"column":4},"end":{"line":252,"column":null}},"74":{"start":{"line":253,"column":21},"end":{"line":257,"column":null}},"75":{"start":{"line":259,"column":4},"end":{"line":265,"column":null}},"76":{"start":{"line":260,"column":6},"end":{"line":260,"column":null}},"77":{"start":{"line":261,"column":6},"end":{"line":264,"column":null}},"78":{"start":{"line":267,"column":17},"end":{"line":267,"column":null}},"79":{"start":{"line":268,"column":4},"end":{"line":268,"column":null}},"80":{"start":{"line":270,"column":4},"end":{"line":274,"column":null}},"81":{"start":{"line":271,"column":6},"end":{"line":271,"column":null}},"82":{"start":{"line":273,"column":6},"end":{"line":273,"column":null}},"83":{"start":{"line":276,"column":4},"end":{"line":276,"column":null}},"84":{"start":{"line":277,"column":4},"end":{"line":277,"column":null}},"85":{"start":{"line":302,"column":27},"end":{"line":302,"column":78}},"86":{"start":{"line":303,"column":29},"end":{"line":303,"column":81}},"87":{"start":{"line":304,"column":37},"end":{"line":304,"column":100}},"88":{"start":{"line":305,"column":36},"end":{"line":305,"column":99}},"89":{"start":{"line":306,"column":34},"end":{"line":306,"column":94}},"90":{"start":{"line":307,"column":42},"end":{"line":307,"column":90}},"91":{"start":{"line":318,"column":17},"end":{"line":324,"column":null}},"92":{"start":{"line":325,"column":14},"end":{"line":325,"column":58}},"93":{"start":{"line":326,"column":19},"end":{"line":326,"column":null}},"94":{"start":{"line":327,"column":15},"end":{"line":327,"column":null}},"95":{"start":{"line":328,"column":2},"end":{"line":328,"column":null}},"96":{"start":{"line":328,"column":20},"end":{"line":328,"column":null}},"97":{"start":{"line":329,"column":2},"end":{"line":329,"column":null}},"98":{"start":{"line":352,"column":17},"end":{"line":357,"column":null}},"99":{"start":{"line":358,"column":14},"end":{"line":358,"column":68}},"100":{"start":{"line":359,"column":19},"end":{"line":359,"column":null}},"101":{"start":{"line":360,"column":15},"end":{"line":360,"column":null}},"102":{"start":{"line":364,"column":2},"end":{"line":364,"column":null}},"103":{"start":{"line":364,"column":20},"end":{"line":364,"column":null}},"104":{"start":{"line":365,"column":2},"end":{"line":365,"column":null}},"105":{"start":{"line":396,"column":17},"end":{"line":401,"column":null}},"106":{"start":{"line":402,"column":14},"end":{"line":402,"column":67}},"107":{"start":{"line":403,"column":19},"end":{"line":403,"column":null}},"108":{"start":{"line":404,"column":15},"end":{"line":404,"column":null}},"109":{"start":{"line":410,"column":2},"end":{"line":410,"column":null}},"110":{"start":{"line":410,"column":20},"end":{"line":410,"column":null}},"111":{"start":{"line":411,"column":2},"end":{"line":411,"column":null}},"112":{"start":{"line":423,"column":17},"end":{"line":427,"column":null}},"113":{"start":{"line":428,"column":14},"end":{"line":428,"column":65}},"114":{"start":{"line":429,"column":19},"end":{"line":429,"column":null}},"115":{"start":{"line":430,"column":15},"end":{"line":430,"column":null}},"116":{"start":{"line":431,"column":2},"end":{"line":431,"column":null}},"117":{"start":{"line":431,"column":20},"end":{"line":431,"column":null}},"118":{"start":{"line":432,"column":2},"end":{"line":432,"column":null}},"119":{"start":{"line":443,"column":2},"end":{"line":443,"column":null}},"120":{"start":{"line":467,"column":2},"end":{"line":469,"column":null}},"121":{"start":{"line":468,"column":4},"end":{"line":468,"column":null}},"122":{"start":{"line":470,"column":17},"end":{"line":476,"column":null}},"123":{"start":{"line":477,"column":14},"end":{"line":477,"column":58}},"124":{"start":{"line":479,"column":2},"end":{"line":479,"column":null}},"125":{"start":{"line":480,"column":2},"end":{"line":480,"column":null}},"126":{"start":{"line":482,"column":2},"end":{"line":527,"column":null}},"127":{"start":{"line":483,"column":21},"end":{"line":483,"column":null}},"128":{"start":{"line":484,"column":17},"end":{"line":484,"column":null}},"129":{"start":{"line":486,"column":4},"end":{"line":486,"column":null}},"130":{"start":{"line":487,"column":4},"end":{"line":487,"column":null}},"131":{"start":{"line":488,"column":4},"end":{"line":488,"column":null}},"132":{"start":{"line":490,"column":4},"end":{"line":497,"column":null}},"133":{"start":{"line":492,"column":6},"end":{"line":494,"column":null}},"134":{"start":{"line":493,"column":8},"end":{"line":493,"column":null}},"135":{"start":{"line":495,"column":6},"end":{"line":495,"column":null}},"136":{"start":{"line":496,"column":6},"end":{"line":496,"column":null}},"137":{"start":{"line":499,"column":4},"end":{"line":499,"column":null}},"138":{"start":{"line":500,"column":4},"end":{"line":500,"column":null}},"139":{"start":{"line":501,"column":4},"end":{"line":501,"column":null}},"140":{"start":{"line":503,"column":4},"end":{"line":503,"column":null}},"141":{"start":{"line":505,"column":25},"end":{"line":505,"column":null}},"142":{"start":{"line":506,"column":4},"end":{"line":511,"column":null}},"143":{"start":{"line":507,"column":6},"end":{"line":507,"column":null}},"144":{"start":{"line":509,"column":6},"end":{"line":509,"column":null}},"145":{"start":{"line":510,"column":6},"end":{"line":510,"column":null}},"146":{"start":{"line":514,"column":17},"end":{"line":514,"column":116}},"147":{"start":{"line":515,"column":4},"end":{"line":515,"column":null}},"148":{"start":{"line":517,"column":22},"end":{"line":517,"column":null}},"149":{"start":{"line":518,"column":18},"end":{"line":518,"column":null}},"150":{"start":{"line":519,"column":4},"end":{"line":522,"column":null}},"151":{"start":{"line":520,"column":6},"end":{"line":520,"column":null}},"152":{"start":{"line":521,"column":6},"end":{"line":521,"column":null}},"153":{"start":{"line":524,"column":4},"end":{"line":524,"column":null}},"154":{"start":{"line":526,"column":4},"end":{"line":526,"column":null}},"155":{"start":{"line":549,"column":2},"end":{"line":549,"column":null}},"156":{"start":{"line":549,"column":26},"end":{"line":549,"column":null}},"157":{"start":{"line":565,"column":2},"end":{"line":592,"column":null}},"158":{"start":{"line":566,"column":23},"end":{"line":566,"column":null}},"159":{"start":{"line":567,"column":4},"end":{"line":591,"column":null}},"160":{"start":{"line":601,"column":2},"end":{"line":610,"column":null}},"161":{"start":{"line":657,"column":17},"end":{"line":657,"column":null}},"162":{"start":{"line":658,"column":2},"end":{"line":675,"column":null}},"163":{"start":{"line":659,"column":4},"end":{"line":671,"column":null}},"164":{"start":{"line":674,"column":4},"end":{"line":674,"column":null}},"165":{"start":{"line":680,"column":17},"end":{"line":686,"column":null}},"166":{"start":{"line":687,"column":14},"end":{"line":687,"column":58}},"167":{"start":{"line":688,"column":19},"end":{"line":688,"column":null}},"168":{"start":{"line":689,"column":15},"end":{"line":689,"column":null}},"169":{"start":{"line":690,"column":2},"end":{"line":690,"column":null}},"170":{"start":{"line":690,"column":20},"end":{"line":690,"column":null}},"171":{"start":{"line":691,"column":2},"end":{"line":691,"column":null}},"172":{"start":{"line":696,"column":14},"end":{"line":696,"column":113}},"173":{"start":{"line":697,"column":19},"end":{"line":697,"column":null}},"174":{"start":{"line":698,"column":15},"end":{"line":698,"column":null}},"175":{"start":{"line":699,"column":2},"end":{"line":699,"column":null}},"176":{"start":{"line":699,"column":20},"end":{"line":699,"column":null}},"177":{"start":{"line":700,"column":2},"end":{"line":700,"column":null}},"178":{"start":{"line":705,"column":17},"end":{"line":710,"column":null}},"179":{"start":{"line":711,"column":14},"end":{"line":711,"column":68}},"180":{"start":{"line":712,"column":19},"end":{"line":712,"column":null}},"181":{"start":{"line":713,"column":15},"end":{"line":713,"column":null}},"182":{"start":{"line":714,"column":2},"end":{"line":714,"column":null}},"183":{"start":{"line":714,"column":20},"end":{"line":714,"column":null}},"184":{"start":{"line":715,"column":2},"end":{"line":715,"column":null}},"185":{"start":{"line":720,"column":17},"end":{"line":725,"column":null}},"186":{"start":{"line":726,"column":14},"end":{"line":726,"column":67}},"187":{"start":{"line":727,"column":19},"end":{"line":727,"column":null}},"188":{"start":{"line":728,"column":15},"end":{"line":728,"column":null}},"189":{"start":{"line":729,"column":2},"end":{"line":729,"column":null}},"190":{"start":{"line":729,"column":20},"end":{"line":729,"column":null}},"191":{"start":{"line":730,"column":2},"end":{"line":730,"column":null}},"192":{"start":{"line":735,"column":17},"end":{"line":739,"column":null}},"193":{"start":{"line":740,"column":14},"end":{"line":740,"column":65}},"194":{"start":{"line":741,"column":19},"end":{"line":741,"column":null}},"195":{"start":{"line":742,"column":15},"end":{"line":742,"column":null}},"196":{"start":{"line":743,"column":2},"end":{"line":743,"column":null}},"197":{"start":{"line":743,"column":20},"end":{"line":743,"column":null}},"198":{"start":{"line":744,"column":2},"end":{"line":744,"column":null}},"199":{"start":{"line":749,"column":2},"end":{"line":749,"column":null}},"200":{"start":{"line":767,"column":16},"end":{"line":767,"column":null}},"201":{"start":{"line":768,"column":14},"end":{"line":768,"column":null}},"202":{"start":{"line":769,"column":19},"end":{"line":769,"column":null}},"203":{"start":{"line":771,"column":2},"end":{"line":773,"column":null}},"204":{"start":{"line":772,"column":4},"end":{"line":772,"column":null}},"205":{"start":{"line":775,"column":14},"end":{"line":775,"column":null}},"206":{"start":{"line":776,"column":2},"end":{"line":776,"column":null}},"207":{"start":{"line":777,"column":2},"end":{"line":777,"column":null}},"208":{"start":{"line":778,"column":2},"end":{"line":778,"column":null}},"209":{"start":{"line":779,"column":2},"end":{"line":779,"column":null}},"210":{"start":{"line":780,"column":2},"end":{"line":780,"column":null}},"211":{"start":{"line":781,"column":2},"end":{"line":796,"column":null}},"212":{"start":{"line":797,"column":2},"end":{"line":804,"column":null}},"213":{"start":{"line":798,"column":21},"end":{"line":798,"column":null}},"214":{"start":{"line":799,"column":17},"end":{"line":799,"column":null}},"215":{"start":{"line":800,"column":4},"end":{"line":800,"column":null}},"216":{"start":{"line":800,"column":22},"end":{"line":800,"column":null}},"217":{"start":{"line":801,"column":4},"end":{"line":801,"column":null}},"218":{"start":{"line":803,"column":4},"end":{"line":803,"column":null}},"219":{"start":{"line":821,"column":16},"end":{"line":821,"column":null}},"220":{"start":{"line":822,"column":14},"end":{"line":822,"column":null}},"221":{"start":{"line":823,"column":19},"end":{"line":823,"column":null}},"222":{"start":{"line":825,"column":2},"end":{"line":827,"column":null}},"223":{"start":{"line":826,"column":4},"end":{"line":826,"column":null}},"224":{"start":{"line":829,"column":14},"end":{"line":829,"column":null}},"225":{"start":{"line":830,"column":2},"end":{"line":830,"column":null}},"226":{"start":{"line":831,"column":2},"end":{"line":831,"column":null}},"227":{"start":{"line":832,"column":2},"end":{"line":832,"column":null}},"228":{"start":{"line":833,"column":2},"end":{"line":833,"column":null}},"229":{"start":{"line":834,"column":2},"end":{"line":834,"column":null}},"230":{"start":{"line":837,"column":2},"end":{"line":844,"column":null}},"231":{"start":{"line":845,"column":2},"end":{"line":864,"column":null}},"232":{"start":{"line":846,"column":19},"end":{"line":846,"column":null}},"233":{"start":{"line":847,"column":21},"end":{"line":847,"column":null}},"234":{"start":{"line":848,"column":17},"end":{"line":848,"column":null}},"235":{"start":{"line":849,"column":4},"end":{"line":849,"column":null}},"236":{"start":{"line":849,"column":22},"end":{"line":849,"column":null}},"237":{"start":{"line":850,"column":4},"end":{"line":850,"column":null}},"238":{"start":{"line":853,"column":4},"end":{"line":862,"column":null}},"239":{"start":{"line":854,"column":23},"end":{"line":854,"column":null}},"240":{"start":{"line":855,"column":22},"end":{"line":860,"column":null}},"241":{"start":{"line":861,"column":6},"end":{"line":861,"column":null}},"242":{"start":{"line":863,"column":4},"end":{"line":863,"column":null}},"243":{"start":{"line":885,"column":22},"end":{"line":890,"column":null}},"244":{"start":{"line":886,"column":4},"end":{"line":890,"column":null}},"245":{"start":{"line":887,"column":17},"end":{"line":887,"column":null}},"246":{"start":{"line":887,"column":34},"end":{"line":887,"column":64}},"247":{"start":{"line":888,"column":6},"end":{"line":889,"column":null}},"248":{"start":{"line":888,"column":20},"end":{"line":888,"column":38}},"249":{"start":{"line":888,"column":38},"end":{"line":888,"column":50}},"250":{"start":{"line":889,"column":21},"end":{"line":889,"column":39}},"251":{"start":{"line":889,"column":39},"end":{"line":889,"column":50}},"252":{"start":{"line":891,"column":19},"end":{"line":891,"column":null}},"253":{"start":{"line":891,"column":46},"end":{"line":891,"column":102}},"254":{"start":{"line":891,"column":52},"end":{"line":891,"column":77}},"255":{"start":{"line":891,"column":87},"end":{"line":891,"column":100}},"256":{"start":{"line":893,"column":14},"end":{"line":893,"column":null}},"257":{"start":{"line":894,"column":2},"end":{"line":894,"column":null}},"258":{"start":{"line":895,"column":2},"end":{"line":895,"column":null}},"259":{"start":{"line":896,"column":2},"end":{"line":896,"column":null}},"260":{"start":{"line":897,"column":2},"end":{"line":897,"column":null}},"261":{"start":{"line":898,"column":2},"end":{"line":904,"column":null}},"262":{"start":{"line":906,"column":2},"end":{"line":912,"column":null}},"263":{"start":{"line":907,"column":16},"end":{"line":907,"column":null}},"264":{"start":{"line":908,"column":4},"end":{"line":908,"column":30}},"265":{"start":{"line":908,"column":17},"end":{"line":908,"column":30}},"266":{"start":{"line":909,"column":4},"end":{"line":909,"column":null}},"267":{"start":{"line":911,"column":4},"end":{"line":911,"column":17}},"268":{"start":{"line":922,"column":22},"end":{"line":927,"column":null}},"269":{"start":{"line":923,"column":4},"end":{"line":927,"column":null}},"270":{"start":{"line":924,"column":17},"end":{"line":924,"column":null}},"271":{"start":{"line":924,"column":34},"end":{"line":924,"column":64}},"272":{"start":{"line":925,"column":6},"end":{"line":926,"column":null}},"273":{"start":{"line":925,"column":20},"end":{"line":925,"column":38}},"274":{"start":{"line":925,"column":38},"end":{"line":925,"column":50}},"275":{"start":{"line":926,"column":21},"end":{"line":926,"column":39}},"276":{"start":{"line":926,"column":39},"end":{"line":926,"column":50}},"277":{"start":{"line":928,"column":19},"end":{"line":928,"column":null}},"278":{"start":{"line":928,"column":46},"end":{"line":928,"column":102}},"279":{"start":{"line":928,"column":52},"end":{"line":928,"column":77}},"280":{"start":{"line":928,"column":87},"end":{"line":928,"column":100}},"281":{"start":{"line":930,"column":14},"end":{"line":930,"column":null}},"282":{"start":{"line":931,"column":2},"end":{"line":931,"column":null}},"283":{"start":{"line":932,"column":2},"end":{"line":932,"column":null}},"284":{"start":{"line":934,"column":2},"end":{"line":942,"column":null}},"285":{"start":{"line":935,"column":16},"end":{"line":935,"column":null}},"286":{"start":{"line":936,"column":4},"end":{"line":936,"column":null}},"287":{"start":{"line":936,"column":17},"end":{"line":936,"column":null}},"288":{"start":{"line":937,"column":17},"end":{"line":937,"column":null}},"289":{"start":{"line":938,"column":4},"end":{"line":938,"column":null}},"290":{"start":{"line":938,"column":44},"end":{"line":938,"column":null}},"291":{"start":{"line":939,"column":4},"end":{"line":939,"column":null}},"292":{"start":{"line":941,"column":4},"end":{"line":941,"column":null}},"293":{"start":{"line":965,"column":16},"end":{"line":968,"column":null}},"294":{"start":{"line":966,"column":14},"end":{"line":966,"column":null}},"295":{"start":{"line":967,"column":4},"end":{"line":967,"column":null}},"296":{"start":{"line":971,"column":17},"end":{"line":971,"column":null}},"297":{"start":{"line":972,"column":17},"end":{"line":974,"column":null}},"298":{"start":{"line":972,"column":38},"end":{"line":974,"column":null}},"299":{"start":{"line":973,"column":33},"end":{"line":973,"column":54}},"300":{"start":{"line":973,"column":76},"end":{"line":973,"column":null}},"301":{"start":{"line":977,"column":16},"end":{"line":989,"column":8}},"302":{"start":{"line":980,"column":23},"end":{"line":980,"column":null}},"303":{"start":{"line":981,"column":26},"end":{"line":981,"column":null}},"304":{"start":{"line":982,"column":10},"end":{"line":986,"column":null}},"305":{"start":{"line":988,"column":60},"end":{"line":988,"column":null}},"306":{"start":{"line":993,"column":13},"end":{"line":993,"column":88}},"307":{"start":{"line":994,"column":2},"end":{"line":1021,"column":null}},"308":{"start":{"line":995,"column":15},"end":{"line":995,"column":null}},"309":{"start":{"line":995,"column":30},"end":{"line":995,"column":null}},"310":{"start":{"line":996,"column":23},"end":{"line":996,"column":null}},"311":{"start":{"line":997,"column":24},"end":{"line":997,"column":null}},"312":{"start":{"line":998,"column":27},"end":{"line":998,"column":null}},"313":{"start":{"line":1001,"column":20},"end":{"line":1001,"column":null}},"314":{"start":{"line":1002,"column":4},"end":{"line":1020,"column":null}},"315":{"start":{"line":1003,"column":6},"end":{"line":1019,"column":null}},"316":{"start":{"line":1023,"column":37},"end":{"line":1032,"column":null}},"317":{"start":{"line":1034,"column":2},"end":{"line":1034,"column":38}},"318":{"start":{"line":1034,"column":14},"end":{"line":1034,"column":38}},"319":{"start":{"line":1036,"column":2},"end":{"line":1036,"column":null}},"320":{"start":{"line":1054,"column":22},"end":{"line":1059,"column":null}},"321":{"start":{"line":1055,"column":4},"end":{"line":1059,"column":null}},"322":{"start":{"line":1056,"column":17},"end":{"line":1056,"column":null}},"323":{"start":{"line":1056,"column":34},"end":{"line":1056,"column":64}},"324":{"start":{"line":1057,"column":6},"end":{"line":1058,"column":null}},"325":{"start":{"line":1057,"column":20},"end":{"line":1057,"column":38}},"326":{"start":{"line":1057,"column":38},"end":{"line":1057,"column":50}},"327":{"start":{"line":1058,"column":21},"end":{"line":1058,"column":39}},"328":{"start":{"line":1058,"column":39},"end":{"line":1058,"column":50}},"329":{"start":{"line":1060,"column":19},"end":{"line":1060,"column":null}},"330":{"start":{"line":1060,"column":46},"end":{"line":1060,"column":102}},"331":{"start":{"line":1060,"column":52},"end":{"line":1060,"column":77}},"332":{"start":{"line":1060,"column":87},"end":{"line":1060,"column":100}},"333":{"start":{"line":1062,"column":14},"end":{"line":1062,"column":null}},"334":{"start":{"line":1063,"column":2},"end":{"line":1063,"column":null}},"335":{"start":{"line":1064,"column":2},"end":{"line":1064,"column":null}},"336":{"start":{"line":1065,"column":2},"end":{"line":1065,"column":null}},"337":{"start":{"line":1066,"column":2},"end":{"line":1066,"column":null}},"338":{"start":{"line":1068,"column":2},"end":{"line":1074,"column":null}},"339":{"start":{"line":1069,"column":16},"end":{"line":1069,"column":null}},"340":{"start":{"line":1070,"column":4},"end":{"line":1070,"column":null}},"341":{"start":{"line":1070,"column":17},"end":{"line":1070,"column":null}},"342":{"start":{"line":1071,"column":4},"end":{"line":1071,"column":null}},"343":{"start":{"line":1073,"column":4},"end":{"line":1073,"column":null}},"344":{"start":{"line":1094,"column":22},"end":{"line":1099,"column":null}},"345":{"start":{"line":1095,"column":4},"end":{"line":1099,"column":null}},"346":{"start":{"line":1096,"column":17},"end":{"line":1096,"column":null}},"347":{"start":{"line":1096,"column":34},"end":{"line":1096,"column":64}},"348":{"start":{"line":1097,"column":6},"end":{"line":1098,"column":null}},"349":{"start":{"line":1097,"column":20},"end":{"line":1097,"column":38}},"350":{"start":{"line":1097,"column":38},"end":{"line":1097,"column":50}},"351":{"start":{"line":1098,"column":21},"end":{"line":1098,"column":39}},"352":{"start":{"line":1098,"column":39},"end":{"line":1098,"column":50}},"353":{"start":{"line":1100,"column":19},"end":{"line":1100,"column":null}},"354":{"start":{"line":1100,"column":46},"end":{"line":1100,"column":102}},"355":{"start":{"line":1100,"column":52},"end":{"line":1100,"column":77}},"356":{"start":{"line":1100,"column":87},"end":{"line":1100,"column":100}},"357":{"start":{"line":1102,"column":14},"end":{"line":1102,"column":null}},"358":{"start":{"line":1103,"column":2},"end":{"line":1103,"column":null}},"359":{"start":{"line":1104,"column":2},"end":{"line":1104,"column":null}},"360":{"start":{"line":1105,"column":2},"end":{"line":1105,"column":null}},"361":{"start":{"line":1106,"column":2},"end":{"line":1106,"column":null}},"362":{"start":{"line":1107,"column":2},"end":{"line":1109,"column":null}},"363":{"start":{"line":1111,"column":2},"end":{"line":1117,"column":null}},"364":{"start":{"line":1112,"column":16},"end":{"line":1112,"column":null}},"365":{"start":{"line":1113,"column":4},"end":{"line":1113,"column":null}},"366":{"start":{"line":1113,"column":17},"end":{"line":1113,"column":null}},"367":{"start":{"line":1114,"column":4},"end":{"line":1114,"column":null}},"368":{"start":{"line":1116,"column":4},"end":{"line":1116,"column":null}}},"fnMap":{"0":{"name":"normalizeCoreWeatherFields","decl":{"start":{"line":16,"column":9},"end":{"line":16,"column":null}},"loc":{"start":{"line":20,"column":19},"end":{"line":64,"column":null}}},"1":{"name":"pickField","decl":{"start":{"line":23,"column":11},"end":{"line":23,"column":21}},"loc":{"start":{"line":23,"column":62},"end":{"line":34,"column":null}}},"2":{"name":"(anonymous_30)","decl":{"start":{"line":25,"column":41},"end":{"line":25,"column":42}},"loc":{"start":{"line":25,"column":56},"end":{"line":30,"column":9}}},"3":{"name":"getWeatherData","decl":{"start":{"line":80,"column":15},"end":{"line":80,"column":30}},"loc":{"start":{"line":80,"column":54},"end":{"line":122,"column":null}}},"4":{"name":"getWeatherAlerts","decl":{"start":{"line":144,"column":15},"end":{"line":144,"column":32}},"loc":{"start":{"line":144,"column":152},"end":{"line":158,"column":null}}},"5":{"name":"getAirPollution","decl":{"start":{"line":176,"column":15},"end":{"line":176,"column":31}},"loc":{"start":{"line":176,"column":111},"end":{"line":182,"column":null}}},"6":{"name":"handler","decl":{"start":{"line":241,"column":15},"end":{"line":241,"column":23}},"loc":{"start":{"line":241,"column":64},"end":{"line":279,"column":null}}},"7":{"name":"getCurrentAndForecast","decl":{"start":{"line":317,"column":15},"end":{"line":317,"column":37}},"loc":{"start":{"line":317,"column":157},"end":{"line":330,"column":null}}},"8":{"name":"getHistoricalWeather","decl":{"start":{"line":351,"column":15},"end":{"line":351,"column":36}},"loc":{"start":{"line":351,"column":139},"end":{"line":366,"column":null}}},"9":{"name":"getDailySummary","decl":{"start":{"line":395,"column":15},"end":{"line":395,"column":31}},"loc":{"start":{"line":395,"column":131},"end":{"line":412,"column":null}}},"10":{"name":"getWeatherOverview","decl":{"start":{"line":422,"column":15},"end":{"line":422,"column":34}},"loc":{"start":{"line":422,"column":114},"end":{"line":433,"column":null}}},"11":{"name":"getWeatherAssistantWebUrl","decl":{"start":{"line":442,"column":9},"end":{"line":442,"column":35}},"loc":{"start":{"line":442,"column":49},"end":{"line":444,"column":null}}},"12":{"name":"getOneCallData","decl":{"start":{"line":466,"column":15},"end":{"line":466,"column":30}},"loc":{"start":{"line":466,"column":150},"end":{"line":528,"column":null}}},"13":{"name":"transformDailyForecast","decl":{"start":{"line":548,"column":9},"end":{"line":548,"column":32}},"loc":{"start":{"line":548,"column":66},"end":{"line":593,"column":null}}},"14":{"name":"(anonymous_42)","decl":{"start":{"line":565,"column":43},"end":{"line":565,"column":44}},"loc":{"start":{"line":565,"column":44},"end":{"line":592,"column":null}}},"15":{"name":"transformCity","decl":{"start":{"line":600,"column":9},"end":{"line":600,"column":23}},"loc":{"start":{"line":600,"column":83},"end":{"line":611,"column":null}}},"16":{"name":"getFullWeather","decl":{"start":{"line":656,"column":15},"end":{"line":656,"column":30}},"loc":{"start":{"line":656,"column":150},"end":{"line":676,"column":null}}},"17":{"name":"fetchOpenWeatherOneCall","decl":{"start":{"line":679,"column":15},"end":{"line":679,"column":39}},"loc":{"start":{"line":679,"column":105},"end":{"line":692,"column":null}}},"18":{"name":"fetchOpenWeatherForecast25","decl":{"start":{"line":695,"column":15},"end":{"line":695,"column":42}},"loc":{"start":{"line":695,"column":108},"end":{"line":701,"column":null}}},"19":{"name":"fetchOpenWeatherTimemachine","decl":{"start":{"line":704,"column":15},"end":{"line":704,"column":43}},"loc":{"start":{"line":704,"column":95},"end":{"line":716,"column":null}}},"20":{"name":"fetchOpenWeatherDaySummary","decl":{"start":{"line":719,"column":15},"end":{"line":719,"column":42}},"loc":{"start":{"line":719,"column":96},"end":{"line":731,"column":null}}},"21":{"name":"fetchOpenWeatherOverview","decl":{"start":{"line":734,"column":15},"end":{"line":734,"column":40}},"loc":{"start":{"line":734,"column":80},"end":{"line":745,"column":null}}},"22":{"name":"getOpenWeatherAssistantUrl","decl":{"start":{"line":748,"column":9},"end":{"line":748,"column":36}},"loc":{"start":{"line":748,"column":50},"end":{"line":750,"column":null}}},"23":{"name":"fetchOpenMeteoWeather","decl":{"start":{"line":765,"column":15},"end":{"line":765,"column":37}},"loc":{"start":{"line":765,"column":97},"end":{"line":805,"column":null}}},"24":{"name":"fetchOpenMeteoAirPollen","decl":{"start":{"line":819,"column":15},"end":{"line":819,"column":39}},"loc":{"start":{"line":819,"column":99},"end":{"line":865,"column":null}}},"25":{"name":"fetchStormglassMarine","decl":{"start":{"line":876,"column":15},"end":{"line":876,"column":null}},"loc":{"start":{"line":882,"column":16},"end":{"line":913,"column":null}}},"26":{"name":"(anonymous_54)","decl":{"start":{"line":885,"column":22},"end":{"line":885,"column":32}},"loc":{"start":{"line":886,"column":4},"end":{"line":890,"column":null}}},"27":{"name":"(anonymous_55)","decl":{"start":{"line":886,"column":22},"end":{"line":886,"column":23}},"loc":{"start":{"line":886,"column":32},"end":{"line":890,"column":null}}},"28":{"name":"(anonymous_56)","decl":{"start":{"line":887,"column":28},"end":{"line":887,"column":34}},"loc":{"start":{"line":887,"column":34},"end":{"line":887,"column":64}}},"29":{"name":"(anonymous_57)","decl":{"start":{"line":888,"column":13},"end":{"line":888,"column":20}},"loc":{"start":{"line":888,"column":13},"end":{"line":888,"column":null}}},"30":{"name":"(anonymous_58)","decl":{"start":{"line":889,"column":14},"end":{"line":889,"column":21}},"loc":{"start":{"line":889,"column":14},"end":{"line":889,"column":null}}},"31":{"name":"(anonymous_59)","decl":{"start":{"line":891,"column":19},"end":{"line":891,"column":26}},"loc":{"start":{"line":891,"column":26},"end":{"line":891,"column":null}}},"32":{"name":"fetchStormglassTides","decl":{"start":{"line":921,"column":15},"end":{"line":921,"column":36}},"loc":{"start":{"line":921,"column":76},"end":{"line":943,"column":null}}},"33":{"name":"(anonymous_61)","decl":{"start":{"line":922,"column":22},"end":{"line":922,"column":32}},"loc":{"start":{"line":923,"column":4},"end":{"line":927,"column":null}}},"34":{"name":"(anonymous_62)","decl":{"start":{"line":923,"column":22},"end":{"line":923,"column":23}},"loc":{"start":{"line":923,"column":32},"end":{"line":927,"column":null}}},"35":{"name":"(anonymous_63)","decl":{"start":{"line":924,"column":28},"end":{"line":924,"column":34}},"loc":{"start":{"line":924,"column":34},"end":{"line":924,"column":64}}},"36":{"name":"(anonymous_64)","decl":{"start":{"line":925,"column":13},"end":{"line":925,"column":20}},"loc":{"start":{"line":925,"column":13},"end":{"line":925,"column":null}}},"37":{"name":"(anonymous_65)","decl":{"start":{"line":926,"column":14},"end":{"line":926,"column":21}},"loc":{"start":{"line":926,"column":14},"end":{"line":926,"column":null}}},"38":{"name":"(anonymous_66)","decl":{"start":{"line":928,"column":19},"end":{"line":928,"column":26}},"loc":{"start":{"line":928,"column":26},"end":{"line":928,"column":null}}},"39":{"name":"normalizeWeatherFeatures","decl":{"start":{"line":959,"column":9},"end":{"line":959,"column":null}},"loc":{"start":{"line":963,"column":28},"end":{"line":1037,"column":null}}},"40":{"name":"(anonymous_68)","decl":{"start":{"line":965,"column":16},"end":{"line":965,"column":17}},"loc":{"start":{"line":965,"column":17},"end":{"line":968,"column":null}}},"41":{"name":"(anonymous_69)","decl":{"start":{"line":972,"column":17},"end":{"line":972,"column":18}},"loc":{"start":{"line":972,"column":38},"end":{"line":974,"column":null}}},"42":{"name":"(anonymous_70)","decl":{"start":{"line":973,"column":26},"end":{"line":973,"column":27}},"loc":{"start":{"line":973,"column":33},"end":{"line":973,"column":54}}},"43":{"name":"(anonymous_71)","decl":{"start":{"line":973,"column":61},"end":{"line":973,"column":62}},"loc":{"start":{"line":973,"column":76},"end":{"line":973,"column":null}}},"44":{"name":"(anonymous_72)","decl":{"start":{"line":979,"column":13},"end":{"line":979,"column":14}},"loc":{"start":{"line":979,"column":14},"end":{"line":987,"column":null}}},"45":{"name":"(anonymous_73)","decl":{"start":{"line":988,"column":14},"end":{"line":988,"column":15}},"loc":{"start":{"line":988,"column":60},"end":{"line":988,"column":null}}},"46":{"name":"(anonymous_74)","decl":{"start":{"line":995,"column":15},"end":{"line":995,"column":16}},"loc":{"start":{"line":995,"column":30},"end":{"line":995,"column":null}}},"47":{"name":"fetchStormglassAstronomy","decl":{"start":{"line":1047,"column":15},"end":{"line":1047,"column":null}},"loc":{"start":{"line":1052,"column":16},"end":{"line":1075,"column":null}}},"48":{"name":"(anonymous_76)","decl":{"start":{"line":1054,"column":22},"end":{"line":1054,"column":32}},"loc":{"start":{"line":1055,"column":4},"end":{"line":1059,"column":null}}},"49":{"name":"(anonymous_77)","decl":{"start":{"line":1055,"column":22},"end":{"line":1055,"column":23}},"loc":{"start":{"line":1055,"column":32},"end":{"line":1059,"column":null}}},"50":{"name":"(anonymous_78)","decl":{"start":{"line":1056,"column":28},"end":{"line":1056,"column":34}},"loc":{"start":{"line":1056,"column":34},"end":{"line":1056,"column":64}}},"51":{"name":"(anonymous_79)","decl":{"start":{"line":1057,"column":13},"end":{"line":1057,"column":20}},"loc":{"start":{"line":1057,"column":13},"end":{"line":1057,"column":null}}},"52":{"name":"(anonymous_80)","decl":{"start":{"line":1058,"column":14},"end":{"line":1058,"column":21}},"loc":{"start":{"line":1058,"column":14},"end":{"line":1058,"column":null}}},"53":{"name":"(anonymous_81)","decl":{"start":{"line":1060,"column":19},"end":{"line":1060,"column":26}},"loc":{"start":{"line":1060,"column":26},"end":{"line":1060,"column":null}}},"54":{"name":"fetchStormglassBio","decl":{"start":{"line":1086,"column":15},"end":{"line":1086,"column":null}},"loc":{"start":{"line":1092,"column":16},"end":{"line":1118,"column":null}}},"55":{"name":"(anonymous_83)","decl":{"start":{"line":1094,"column":22},"end":{"line":1094,"column":32}},"loc":{"start":{"line":1095,"column":4},"end":{"line":1099,"column":null}}},"56":{"name":"(anonymous_84)","decl":{"start":{"line":1095,"column":22},"end":{"line":1095,"column":23}},"loc":{"start":{"line":1095,"column":32},"end":{"line":1099,"column":null}}},"57":{"name":"(anonymous_85)","decl":{"start":{"line":1096,"column":28},"end":{"line":1096,"column":34}},"loc":{"start":{"line":1096,"column":34},"end":{"line":1096,"column":64}}},"58":{"name":"(anonymous_86)","decl":{"start":{"line":1097,"column":13},"end":{"line":1097,"column":20}},"loc":{"start":{"line":1097,"column":13},"end":{"line":1097,"column":null}}},"59":{"name":"(anonymous_87)","decl":{"start":{"line":1098,"column":14},"end":{"line":1098,"column":21}},"loc":{"start":{"line":1098,"column":14},"end":{"line":1098,"column":null}}},"60":{"name":"(anonymous_88)","decl":{"start":{"line":1100,"column":19},"end":{"line":1100,"column":26}},"loc":{"start":{"line":1100,"column":26},"end":{"line":1100,"column":null}}}},"branchMap":{"0":{"loc":{"start":{"line":26,"column":8},"end":{"line":28,"column":null}},"type":"if","locations":[{"start":{"line":26,"column":8},"end":{"line":28,"column":null}},{"start":{},"end":{}}]},"1":{"loc":{"start":{"line":26,"column":12},"end":{"line":26,"column":58}},"type":"binary-expr","locations":[{"start":{"line":26,"column":12},"end":{"line":26,"column":19}},{"start":{"line":26,"column":19},"end":{"line":26,"column":46}},{"start":{"line":26,"column":46},"end":{"line":26,"column":58}}]},"2":{"loc":{"start":{"line":31,"column":6},"end":{"line":31,"column":null}},"type":"if","locations":[{"start":{"line":31,"column":6},"end":{"line":31,"column":null}},{"start":{},"end":{}}]},"3":{"loc":{"start":{"line":31,"column":10},"end":{"line":31,"column":49}},"type":"binary-expr","locations":[{"start":{"line":31,"column":10},"end":{"line":31,"column":33}},{"start":{"line":31,"column":33},"end":{"line":31,"column":49}}]},"4":{"loc":{"start":{"line":37,"column":28},"end":{"line":39,"column":null}},"type":"cond-expr","locations":[{"start":{"line":38,"column":6},"end":{"line":38,"column":null}},{"start":{"line":39,"column":6},"end":{"line":39,"column":null}}]},"5":{"loc":{"start":{"line":83,"column":2},"end":{"line":85,"column":null}},"type":"if","locations":[{"start":{"line":83,"column":2},"end":{"line":85,"column":null}},{"start":{},"end":{}}]},"6":{"loc":{"start":{"line":116,"column":14},"end":{"line":116,"column":96}},"type":"cond-expr","locations":[{"start":{"line":116,"column":34},"end":{"line":116,"column":44}},{"start":{"line":116,"column":44},"end":{"line":116,"column":96}}]},"7":{"loc":{"start":{"line":116,"column":44},"end":{"line":116,"column":96}},"type":"binary-expr","locations":[{"start":{"line":116,"column":44},"end":{"line":116,"column":90}},{"start":{"line":116,"column":94},"end":{"line":116,"column":96}}]},"8":{"loc":{"start":{"line":144,"column":52},"end":{"line":144,"column":64}},"type":"default-arg","locations":[{"start":{"line":144,"column":62},"end":{"line":144,"column":64}}]},"9":{"loc":{"start":{"line":149,"column":11},"end":{"line":149,"column":null}},"type":"binary-expr","locations":[{"start":{"line":149,"column":11},"end":{"line":149,"column":29}},{"start":{"line":149,"column":29},"end":{"line":149,"column":null}}]},"10":{"loc":{"start":{"line":150,"column":13},"end":{"line":150,"column":null}},"type":"binary-expr","locations":[{"start":{"line":150,"column":13},"end":{"line":150,"column":33}},{"start":{"line":150,"column":33},"end":{"line":150,"column":null}}]},"11":{"loc":{"start":{"line":155,"column":2},"end":{"line":155,"column":null}},"type":"if","locations":[{"start":{"line":155,"column":2},"end":{"line":155,"column":null}},{"start":{},"end":{}}]},"12":{"loc":{"start":{"line":157,"column":9},"end":{"line":157,"column":54}},"type":"binary-expr","locations":[{"start":{"line":157,"column":9},"end":{"line":157,"column":48}},{"start":{"line":157,"column":52},"end":{"line":157,"column":54}}]},"13":{"loc":{"start":{"line":180,"column":2},"end":{"line":180,"column":null}},"type":"if","locations":[{"start":{"line":180,"column":2},"end":{"line":180,"column":null}},{"start":{},"end":{}}]},"14":{"loc":{"start":{"line":245,"column":2},"end":{"line":247,"column":null}},"type":"if","locations":[{"start":{"line":245,"column":2},"end":{"line":247,"column":null}},{"start":{},"end":{}}]},"15":{"loc":{"start":{"line":245,"column":6},"end":{"line":245,"column":20}},"type":"binary-expr","locations":[{"start":{"line":245,"column":6},"end":{"line":245,"column":14}},{"start":{"line":245,"column":14},"end":{"line":245,"column":20}}]},"16":{"loc":{"start":{"line":259,"column":4},"end":{"line":265,"column":null}},"type":"if","locations":[{"start":{"line":259,"column":4},"end":{"line":265,"column":null}},{"start":{},"end":{}}]},"17":{"loc":{"start":{"line":268,"column":50},"end":{"line":268,"column":74}},"type":"binary-expr","locations":[{"start":{"line":268,"column":50},"end":{"line":268,"column":72}},{"start":{"line":268,"column":72},"end":{"line":268,"column":74}}]},"18":{"loc":{"start":{"line":270,"column":4},"end":{"line":274,"column":null}},"type":"if","locations":[{"start":{"line":270,"column":4},"end":{"line":274,"column":null}},{"start":{"line":272,"column":11},"end":{"line":274,"column":null}}]},"19":{"loc":{"start":{"line":270,"column":8},"end":{"line":270,"column":42}},"type":"binary-expr","locations":[{"start":{"line":270,"column":8},"end":{"line":270,"column":16}},{"start":{"line":270,"column":16},"end":{"line":270,"column":42}}]},"20":{"loc":{"start":{"line":317,"column":57},"end":{"line":317,"column":69}},"type":"default-arg","locations":[{"start":{"line":317,"column":67},"end":{"line":317,"column":69}}]},"21":{"loc":{"start":{"line":322,"column":11},"end":{"line":322,"column":null}},"type":"binary-expr","locations":[{"start":{"line":322,"column":11},"end":{"line":322,"column":29}},{"start":{"line":322,"column":29},"end":{"line":322,"column":null}}]},"22":{"loc":{"start":{"line":323,"column":13},"end":{"line":323,"column":null}},"type":"binary-expr","locations":[{"start":{"line":323,"column":13},"end":{"line":323,"column":33}},{"start":{"line":323,"column":33},"end":{"line":323,"column":null}}]},"23":{"loc":{"start":{"line":328,"column":2},"end":{"line":328,"column":null}},"type":"if","locations":[{"start":{"line":328,"column":2},"end":{"line":328,"column":null}},{"start":{},"end":{}}]},"24":{"loc":{"start":{"line":364,"column":2},"end":{"line":364,"column":null}},"type":"if","locations":[{"start":{"line":364,"column":2},"end":{"line":364,"column":null}},{"start":{},"end":{}}]},"25":{"loc":{"start":{"line":410,"column":2},"end":{"line":410,"column":null}},"type":"if","locations":[{"start":{"line":410,"column":2},"end":{"line":410,"column":null}},{"start":{},"end":{}}]},"26":{"loc":{"start":{"line":431,"column":2},"end":{"line":431,"column":null}},"type":"if","locations":[{"start":{"line":431,"column":2},"end":{"line":431,"column":null}},{"start":{},"end":{}}]},"27":{"loc":{"start":{"line":466,"column":50},"end":{"line":466,"column":62}},"type":"default-arg","locations":[{"start":{"line":466,"column":60},"end":{"line":466,"column":62}}]},"28":{"loc":{"start":{"line":467,"column":2},"end":{"line":469,"column":null}},"type":"if","locations":[{"start":{"line":467,"column":2},"end":{"line":469,"column":null}},{"start":{},"end":{}}]},"29":{"loc":{"start":{"line":467,"column":6},"end":{"line":467,"column":89}},"type":"binary-expr","locations":[{"start":{"line":467,"column":6},"end":{"line":467,"column":27}},{"start":{"line":467,"column":27},"end":{"line":467,"column":43}},{"start":{"line":467,"column":43},"end":{"line":467,"column":64}},{"start":{"line":467,"column":64},"end":{"line":467,"column":80}},{"start":{"line":467,"column":80},"end":{"line":467,"column":89}}]},"30":{"loc":{"start":{"line":473,"column":11},"end":{"line":473,"column":null}},"type":"binary-expr","locations":[{"start":{"line":473,"column":11},"end":{"line":473,"column":29}},{"start":{"line":473,"column":29},"end":{"line":473,"column":null}}]},"31":{"loc":{"start":{"line":475,"column":13},"end":{"line":475,"column":null}},"type":"binary-expr","locations":[{"start":{"line":475,"column":13},"end":{"line":475,"column":33}},{"start":{"line":475,"column":33},"end":{"line":475,"column":null}}]},"32":{"loc":{"start":{"line":490,"column":4},"end":{"line":497,"column":null}},"type":"if","locations":[{"start":{"line":490,"column":4},"end":{"line":497,"column":null}},{"start":{},"end":{}}]},"33":{"loc":{"start":{"line":492,"column":6},"end":{"line":494,"column":null}},"type":"if","locations":[{"start":{"line":492,"column":6},"end":{"line":494,"column":null}},{"start":{},"end":{}}]},"34":{"loc":{"start":{"line":506,"column":4},"end":{"line":511,"column":null}},"type":"if","locations":[{"start":{"line":506,"column":4},"end":{"line":511,"column":null}},{"start":{"line":508,"column":11},"end":{"line":511,"column":null}}]},"35":{"loc":{"start":{"line":514,"column":72},"end":{"line":514,"column":99}},"type":"binary-expr","locations":[{"start":{"line":514,"column":72},"end":{"line":514,"column":90}},{"start":{"line":514,"column":90},"end":{"line":514,"column":99}}]},"36":{"loc":{"start":{"line":519,"column":4},"end":{"line":522,"column":null}},"type":"if","locations":[{"start":{"line":519,"column":4},"end":{"line":522,"column":null}},{"start":{},"end":{}}]},"37":{"loc":{"start":{"line":549,"column":2},"end":{"line":549,"column":null}},"type":"if","locations":[{"start":{"line":549,"column":2},"end":{"line":549,"column":null}},{"start":{},"end":{}}]},"38":{"loc":{"start":{"line":583,"column":12},"end":{"line":583,"column":null}},"type":"binary-expr","locations":[{"start":{"line":583,"column":12},"end":{"line":583,"column":32}},{"start":{"line":583,"column":36},"end":{"line":583,"column":null}}]},"39":{"loc":{"start":{"line":586,"column":9},"end":{"line":586,"column":null}},"type":"binary-expr","locations":[{"start":{"line":586,"column":9},"end":{"line":586,"column":23}},{"start":{"line":586,"column":27},"end":{"line":586,"column":null}}]},"40":{"loc":{"start":{"line":587,"column":10},"end":{"line":587,"column":null}},"type":"cond-expr","locations":[{"start":{"line":587,"column":28},"end":{"line":587,"column":56}},{"start":{"line":587,"column":56},"end":{"line":587,"column":null}}]},"41":{"loc":{"start":{"line":588,"column":10},"end":{"line":588,"column":null}},"type":"cond-expr","locations":[{"start":{"line":588,"column":28},"end":{"line":588,"column":56}},{"start":{"line":588,"column":56},"end":{"line":588,"column":null}}]},"42":{"loc":{"start":{"line":607,"column":14},"end":{"line":607,"column":null}},"type":"binary-expr","locations":[{"start":{"line":607,"column":14},"end":{"line":607,"column":75}},{"start":{"line":607,"column":79},"end":{"line":607,"column":null}}]},"43":{"loc":{"start":{"line":608,"column":13},"end":{"line":608,"column":null}},"type":"binary-expr","locations":[{"start":{"line":608,"column":13},"end":{"line":608,"column":85}},{"start":{"line":608,"column":85},"end":{"line":608,"column":null}}]},"44":{"loc":{"start":{"line":609,"column":12},"end":{"line":609,"column":null}},"type":"binary-expr","locations":[{"start":{"line":609,"column":12},"end":{"line":609,"column":82}},{"start":{"line":609,"column":82},"end":{"line":609,"column":null}}]},"45":{"loc":{"start":{"line":656,"column":50},"end":{"line":656,"column":62}},"type":"default-arg","locations":[{"start":{"line":656,"column":60},"end":{"line":656,"column":62}}]},"46":{"loc":{"start":{"line":658,"column":2},"end":{"line":675,"column":null}},"type":"if","locations":[{"start":{"line":658,"column":2},"end":{"line":675,"column":null}},{"start":{"line":672,"column":9},"end":{"line":675,"column":null}}]},"47":{"loc":{"start":{"line":662,"column":11},"end":{"line":662,"column":null}},"type":"binary-expr","locations":[{"start":{"line":662,"column":11},"end":{"line":662,"column":40}},{"start":{"line":662,"column":40},"end":{"line":662,"column":null}}]},"48":{"loc":{"start":{"line":665,"column":14},"end":{"line":665,"column":38}},"type":"binary-expr","locations":[{"start":{"line":665,"column":14},"end":{"line":665,"column":32}},{"start":{"line":665,"column":36},"end":{"line":665,"column":38}}]},"49":{"loc":{"start":{"line":666,"column":15},"end":{"line":666,"column":null}},"type":"binary-expr","locations":[{"start":{"line":666,"column":15},"end":{"line":666,"column":34}},{"start":{"line":666,"column":38},"end":{"line":666,"column":null}}]},"50":{"loc":{"start":{"line":667,"column":14},"end":{"line":667,"column":38}},"type":"binary-expr","locations":[{"start":{"line":667,"column":14},"end":{"line":667,"column":32}},{"start":{"line":667,"column":36},"end":{"line":667,"column":38}}]},"51":{"loc":{"start":{"line":668,"column":16},"end":{"line":668,"column":42}},"type":"binary-expr","locations":[{"start":{"line":668,"column":16},"end":{"line":668,"column":36}},{"start":{"line":668,"column":40},"end":{"line":668,"column":42}}]},"52":{"loc":{"start":{"line":669,"column":13},"end":{"line":669,"column":36}},"type":"binary-expr","locations":[{"start":{"line":669,"column":13},"end":{"line":669,"column":30}},{"start":{"line":669,"column":34},"end":{"line":669,"column":36}}]},"53":{"loc":{"start":{"line":684,"column":11},"end":{"line":684,"column":null}},"type":"binary-expr","locations":[{"start":{"line":684,"column":11},"end":{"line":684,"column":29}},{"start":{"line":684,"column":29},"end":{"line":684,"column":null}}]},"54":{"loc":{"start":{"line":685,"column":13},"end":{"line":685,"column":null}},"type":"binary-expr","locations":[{"start":{"line":685,"column":13},"end":{"line":685,"column":33}},{"start":{"line":685,"column":33},"end":{"line":685,"column":null}}]},"55":{"loc":{"start":{"line":690,"column":2},"end":{"line":690,"column":null}},"type":"if","locations":[{"start":{"line":690,"column":2},"end":{"line":690,"column":null}},{"start":{},"end":{}}]},"56":{"loc":{"start":{"line":696,"column":69},"end":{"line":696,"column":96}},"type":"binary-expr","locations":[{"start":{"line":696,"column":69},"end":{"line":696,"column":87}},{"start":{"line":696,"column":87},"end":{"line":696,"column":96}}]},"57":{"loc":{"start":{"line":699,"column":2},"end":{"line":699,"column":null}},"type":"if","locations":[{"start":{"line":699,"column":2},"end":{"line":699,"column":null}},{"start":{},"end":{}}]},"58":{"loc":{"start":{"line":714,"column":2},"end":{"line":714,"column":null}},"type":"if","locations":[{"start":{"line":714,"column":2},"end":{"line":714,"column":null}},{"start":{},"end":{}}]},"59":{"loc":{"start":{"line":729,"column":2},"end":{"line":729,"column":null}},"type":"if","locations":[{"start":{"line":729,"column":2},"end":{"line":729,"column":null}},{"start":{},"end":{}}]},"60":{"loc":{"start":{"line":743,"column":2},"end":{"line":743,"column":null}},"type":"if","locations":[{"start":{"line":743,"column":2},"end":{"line":743,"column":null}},{"start":{},"end":{}}]},"61":{"loc":{"start":{"line":771,"column":2},"end":{"line":773,"column":null}},"type":"if","locations":[{"start":{"line":771,"column":2},"end":{"line":773,"column":null}},{"start":{},"end":{}}]},"62":{"loc":{"start":{"line":800,"column":4},"end":{"line":800,"column":null}},"type":"if","locations":[{"start":{"line":800,"column":4},"end":{"line":800,"column":null}},{"start":{},"end":{}}]},"63":{"loc":{"start":{"line":803,"column":59},"end":{"line":803,"column":106}},"type":"cond-expr","locations":[{"start":{"line":803,"column":82},"end":{"line":803,"column":93}},{"start":{"line":803,"column":96},"end":{"line":803,"column":106}}]},"64":{"loc":{"start":{"line":825,"column":2},"end":{"line":827,"column":null}},"type":"if","locations":[{"start":{"line":825,"column":2},"end":{"line":827,"column":null}},{"start":{},"end":{}}]},"65":{"loc":{"start":{"line":849,"column":4},"end":{"line":849,"column":null}},"type":"if","locations":[{"start":{"line":849,"column":4},"end":{"line":849,"column":null}},{"start":{},"end":{}}]},"66":{"loc":{"start":{"line":853,"column":4},"end":{"line":862,"column":null}},"type":"if","locations":[{"start":{"line":853,"column":4},"end":{"line":862,"column":null}},{"start":{},"end":{}}]},"67":{"loc":{"start":{"line":853,"column":8},"end":{"line":853,"column":59}},"type":"binary-expr","locations":[{"start":{"line":853,"column":8},"end":{"line":853,"column":15}},{"start":{"line":853,"column":15},"end":{"line":853,"column":42}},{"start":{"line":853,"column":42},"end":{"line":853,"column":59}}]},"68":{"loc":{"start":{"line":863,"column":62},"end":{"line":863,"column":109}},"type":"cond-expr","locations":[{"start":{"line":863,"column":85},"end":{"line":863,"column":96}},{"start":{"line":863,"column":99},"end":{"line":863,"column":109}}]},"69":{"loc":{"start":{"line":885,"column":47},"end":{"line":885,"column":57}},"type":"default-arg","locations":[{"start":{"line":885,"column":52},"end":{"line":885,"column":57}}]},"70":{"loc":{"start":{"line":898,"column":33},"end":{"line":904,"column":null}},"type":"binary-expr","locations":[{"start":{"line":898,"column":33},"end":{"line":898,"column":43}},{"start":{"line":898,"column":43},"end":{"line":904,"column":null}}]},"71":{"loc":{"start":{"line":908,"column":4},"end":{"line":908,"column":30}},"type":"if","locations":[{"start":{"line":908,"column":4},"end":{"line":908,"column":30}},{"start":{},"end":{}}]},"72":{"loc":{"start":{"line":922,"column":47},"end":{"line":922,"column":57}},"type":"default-arg","locations":[{"start":{"line":922,"column":52},"end":{"line":922,"column":57}}]},"73":{"loc":{"start":{"line":936,"column":4},"end":{"line":936,"column":null}},"type":"if","locations":[{"start":{"line":936,"column":4},"end":{"line":936,"column":null}},{"start":{},"end":{}}]},"74":{"loc":{"start":{"line":938,"column":4},"end":{"line":938,"column":null}},"type":"if","locations":[{"start":{"line":938,"column":4},"end":{"line":938,"column":null}},{"start":{},"end":{}}]},"75":{"loc":{"start":{"line":938,"column":8},"end":{"line":938,"column":44}},"type":"binary-expr","locations":[{"start":{"line":938,"column":8},"end":{"line":938,"column":17}},{"start":{"line":938,"column":17},"end":{"line":938,"column":44}}]},"76":{"loc":{"start":{"line":966,"column":14},"end":{"line":966,"column":null}},"type":"cond-expr","locations":[{"start":{"line":966,"column":38},"end":{"line":966,"column":42}},{"start":{"line":966,"column":42},"end":{"line":966,"column":null}}]},"77":{"loc":{"start":{"line":967,"column":11},"end":{"line":967,"column":null}},"type":"cond-expr","locations":[{"start":{"line":967,"column":32},"end":{"line":967,"column":36}},{"start":{"line":967,"column":36},"end":{"line":967,"column":null}}]},"78":{"loc":{"start":{"line":971,"column":17},"end":{"line":971,"column":null}},"type":"binary-expr","locations":[{"start":{"line":971,"column":17},"end":{"line":971,"column":89}},{"start":{"line":971,"column":89},"end":{"line":971,"column":null}}]},"79":{"loc":{"start":{"line":972,"column":38},"end":{"line":974,"column":null}},"type":"cond-expr","locations":[{"start":{"line":973,"column":6},"end":{"line":973,"column":null}},{"start":{"line":974,"column":6},"end":{"line":974,"column":null}}]},"80":{"loc":{"start":{"line":972,"column":38},"end":{"line":972,"column":70}},"type":"binary-expr","locations":[{"start":{"line":972,"column":38},"end":{"line":972,"column":60}},{"start":{"line":972,"column":60},"end":{"line":972,"column":70}}]},"81":{"loc":{"start":{"line":977,"column":16},"end":{"line":989,"column":8}},"type":"cond-expr","locations":[{"start":{"line":978,"column":6},"end":{"line":988,"column":null}},{"start":{"line":989,"column":6},"end":{"line":989,"column":8}}]},"82":{"loc":{"start":{"line":984,"column":18},"end":{"line":984,"column":null}},"type":"cond-expr","locations":[{"start":{"line":984,"column":45},"end":{"line":984,"column":63}},{"start":{"line":984,"column":63},"end":{"line":984,"column":null}}]},"83":{"loc":{"start":{"line":994,"column":2},"end":{"line":1021,"column":null}},"type":"if","locations":[{"start":{"line":994,"column":2},"end":{"line":1021,"column":null}},{"start":{},"end":{}}]},"84":{"loc":{"start":{"line":995,"column":36},"end":{"line":995,"column":null}},"type":"cond-expr","locations":[{"start":{"line":995,"column":46},"end":{"line":995,"column":85}},{"start":{"line":995,"column":85},"end":{"line":995,"column":null}}]},"85":{"loc":{"start":{"line":1001,"column":20},"end":{"line":1001,"column":null}},"type":"binary-expr","locations":[{"start":{"line":1001,"column":20},"end":{"line":1001,"column":43}},{"start":{"line":1001,"column":43},"end":{"line":1001,"column":67}},{"start":{"line":1001,"column":67},"end":{"line":1001,"column":null}}]},"86":{"loc":{"start":{"line":1002,"column":4},"end":{"line":1020,"column":null}},"type":"if","locations":[{"start":{"line":1002,"column":4},"end":{"line":1020,"column":null}},{"start":{},"end":{}}]},"87":{"loc":{"start":{"line":1024,"column":9},"end":{"line":1024,"column":null}},"type":"binary-expr","locations":[{"start":{"line":1024,"column":9},"end":{"line":1024,"column":61}},{"start":{"line":1024,"column":61},"end":{"line":1024,"column":null}}]},"88":{"loc":{"start":{"line":1026,"column":20},"end":{"line":1026,"column":null}},"type":"cond-expr","locations":[{"start":{"line":1026,"column":57},"end":{"line":1026,"column":76}},{"start":{"line":1026,"column":79},"end":{"line":1026,"column":null}}]},"89":{"loc":{"start":{"line":1027,"column":20},"end":{"line":1027,"column":null}},"type":"cond-expr","locations":[{"start":{"line":1027,"column":57},"end":{"line":1027,"column":76}},{"start":{"line":1027,"column":79},"end":{"line":1027,"column":null}}]},"90":{"loc":{"start":{"line":1028,"column":20},"end":{"line":1028,"column":null}},"type":"cond-expr","locations":[{"start":{"line":1028,"column":57},"end":{"line":1028,"column":76}},{"start":{"line":1028,"column":79},"end":{"line":1028,"column":null}}]},"91":{"loc":{"start":{"line":1029,"column":22},"end":{"line":1029,"column":null}},"type":"cond-expr","locations":[{"start":{"line":1029,"column":61},"end":{"line":1029,"column":82}},{"start":{"line":1029,"column":85},"end":{"line":1029,"column":null}}]},"92":{"loc":{"start":{"line":1034,"column":2},"end":{"line":1034,"column":38}},"type":"if","locations":[{"start":{"line":1034,"column":2},"end":{"line":1034,"column":38}},{"start":{},"end":{}}]},"93":{"loc":{"start":{"line":1054,"column":47},"end":{"line":1054,"column":57}},"type":"default-arg","locations":[{"start":{"line":1054,"column":52},"end":{"line":1054,"column":57}}]},"94":{"loc":{"start":{"line":1070,"column":4},"end":{"line":1070,"column":null}},"type":"if","locations":[{"start":{"line":1070,"column":4},"end":{"line":1070,"column":null}},{"start":{},"end":{}}]},"95":{"loc":{"start":{"line":1094,"column":47},"end":{"line":1094,"column":57}},"type":"default-arg","locations":[{"start":{"line":1094,"column":52},"end":{"line":1094,"column":57}}]},"96":{"loc":{"start":{"line":1107,"column":33},"end":{"line":1109,"column":null}},"type":"binary-expr","locations":[{"start":{"line":1107,"column":33},"end":{"line":1107,"column":43}},{"start":{"line":1107,"column":43},"end":{"line":1109,"column":null}}]},"97":{"loc":{"start":{"line":1113,"column":4},"end":{"line":1113,"column":null}},"type":"if","locations":[{"start":{"line":1113,"column":4},"end":{"line":1113,"column":null}},{"start":{},"end":{}}]}},"s":{"0":1,"1":0,"2":0,"3":0,"4":0,"5":0,"6":0,"7":0,"8":0,"9":0,"10":1,"11":0,"12":0,"13":0,"14":0,"15":0,"16":0,"17":0,"18":0,"19":0,"20":0,"21":0,"22":0,"23":0,"24":2,"25":0,"26":0,"27":0,"28":0,"29":0,"30":0,"31":0,"32":0,"33":0,"34":0,"35":0,"36":0,"37":0,"38":0,"39":0,"40":0,"41":0,"42":0,"43":0,"44":0,"45":0,"46":0,"47":0,"48":0,"49":0,"50":0,"51":0,"52":0,"53":0,"54":0,"55":0,"56":0,"57":0,"58":0,"59":0,"60":0,"61":0,"62":0,"63":0,"64":0,"65":0,"66":0,"67":0,"68":0,"69":0,"70":0,"71":0,"72":0,"73":0,"74":0,"75":0,"76":0,"77":0,"78":0,"79":0,"80":0,"81":0,"82":0,"83":0,"84":0,"85":1,"86":1,"87":1,"88":1,"89":1,"90":1,"91":0,"92":0,"93":0,"94":0,"95":0,"96":0,"97":0,"98":0,"99":0,"100":0,"101":0,"102":0,"103":0,"104":0,"105":0,"106":0,"107":0,"108":0,"109":0,"110":0,"111":0,"112":0,"113":0,"114":0,"115":0,"116":0,"117":0,"118":0,"119":0,"120":0,"121":0,"122":0,"123":0,"124":0,"125":0,"126":0,"127":0,"128":0,"129":0,"130":0,"131":0,"132":0,"133":0,"134":0,"135":0,"136":0,"137":0,"138":0,"139":0,"140":0,"141":0,"142":0,"143":0,"144":0,"145":0,"146":0,"147":0,"148":0,"149":0,"150":0,"151":0,"152":0,"153":0,"154":0,"155":0,"156":0,"157":0,"158":0,"159":0,"160":0,"161":0,"162":0,"163":0,"164":0,"165":0,"166":0,"167":0,"168":0,"169":0,"170":0,"171":0,"172":0,"173":0,"174":0,"175":0,"176":0,"177":0,"178":0,"179":0,"180":0,"181":0,"182":0,"183":0,"184":0,"185":0,"186":0,"187":0,"188":0,"189":0,"190":0,"191":0,"192":0,"193":0,"194":0,"195":0,"196":0,"197":0,"198":0,"199":0,"200":0,"201":0,"202":0,"203":0,"204":0,"205":0,"206":0,"207":0,"208":0,"209":0,"210":0,"211":0,"212":0,"213":0,"214":0,"215":0,"216":0,"217":0,"218":0,"219":0,"220":0,"221":0,"222":0,"223":0,"224":0,"225":0,"226":0,"227":0,"228":0,"229":0,"230":0,"231":0,"232":0,"233":0,"234":0,"235":0,"236":0,"237":0,"238":0,"239":0,"240":0,"241":0,"242":0,"243":0,"244":0,"245":0,"246":0,"247":0,"248":0,"249":0,"250":0,"251":0,"252":0,"253":0,"254":0,"255":0,"256":0,"257":0,"258":0,"259":0,"260":0,"261":0,"262":0,"263":0,"264":0,"265":0,"266":0,"267":0,"268":0,"269":0,"270":0,"271":0,"272":0,"273":0,"274":0,"275":0,"276":0,"277":0,"278":0,"279":0,"280":0,"281":0,"282":0,"283":0,"284":0,"285":0,"286":0,"287":0,"288":0,"289":0,"290":0,"291":0,"292":0,"293":1,"294":2,"295":2,"296":1,"297":1,"298":4,"299":16,"300":16,"301":1,"302":2,"303":2,"304":2,"305":1,"306":1,"307":1,"308":0,"309":0,"310":0,"311":0,"312":0,"313":0,"314":0,"315":0,"316":1,"317":1,"318":0,"319":1,"320":0,"321":0,"322":0,"323":0,"324":0,"325":0,"326":0,"327":0,"328":0,"329":0,"330":0,"331":0,"332":0,"333":0,"334":0,"335":0,"336":0,"337":0,"338":0,"339":0,"340":0,"341":0,"342":0,"343":0,"344":0,"345":0,"346":0,"347":0,"348":0,"349":0,"350":0,"351":0,"352":0,"353":0,"354":0,"355":0,"356":0,"357":0,"358":0,"359":0,"360":0,"361":0,"362":0,"363":0,"364":0,"365":0,"366":0,"367":0,"368":0},"f":{"0":0,"1":0,"2":0,"3":0,"4":0,"5":0,"6":0,"7":0,"8":0,"9":0,"10":0,"11":0,"12":0,"13":0,"14":0,"15":0,"16":0,"17":0,"18":0,"19":0,"20":0,"21":0,"22":0,"23":0,"24":0,"25":0,"26":0,"27":0,"28":0,"29":0,"30":0,"31":0,"32":0,"33":0,"34":0,"35":0,"36":0,"37":0,"38":0,"39":1,"40":2,"41":4,"42":16,"43":16,"44":2,"45":1,"46":0,"47":0,"48":0,"49":0,"50":0,"51":0,"52":0,"53":0,"54":0,"55":0,"56":0,"57":0,"58":0,"59":0,"60":0},"b":{"0":[0,0],"1":[0,0,0],"2":[0,0],"3":[0,0],"4":[0,0],"5":[0,0],"6":[0,0],"7":[0,0],"8":[0],"9":[0,0],"10":[0,0],"11":[0,0],"12":[0,0],"13":[0,0],"14":[0,0],"15":[0,0],"16":[0,0],"17":[0,0],"18":[0,0],"19":[0,0],"20":[0],"21":[0,0],"22":[0,0],"23":[0,0],"24":[0,0],"25":[0,0],"26":[0,0],"27":[0],"28":[0,0],"29":[0,0,0,0,0],"30":[0,0],"31":[0,0],"32":[0,0],"33":[0,0],"34":[0,0],"35":[0,0],"36":[0,0],"37":[0,0],"38":[0,0],"39":[0,0],"40":[0,0],"41":[0,0],"42":[0,0],"43":[0,0],"44":[0,0],"45":[0],"46":[0,0],"47":[0,0],"48":[0,0],"49":[0,0],"50":[0,0],"51":[0,0],"52":[0,0],"53":[0,0],"54":[0,0],"55":[0,0],"56":[0,0],"57":[0,0],"58":[0,0],"59":[0,0],"60":[0,0],"61":[0,0],"62":[0,0],"63":[0,0],"64":[0,0],"65":[0,0],"66":[0,0],"67":[0,0,0],"68":[0,0],"69":[0],"70":[0,0],"71":[0,0],"72":[0],"73":[0,0],"74":[0,0],"75":[0,0],"76":[2,0],"77":[2,0],"78":[1,0],"79":[4,0],"80":[4,4],"81":[1,0],"82":[1,1],"83":[0,1],"84":[0,0],"85":[0,0,0],"86":[0,0],"87":[1,0],"88":[1,0],"89":[1,0],"90":[1,0],"91":[1,0],"92":[0,1],"93":[0],"94":[0,0],"95":[0],"96":[0,0],"97":[0,0]}}
}
