TN:
SF:lib/services/weatherService.ts
FN:16,normalizeCoreWeatherFields
FN:23,pickField
FN:25,(anonymous_30)
FN:80,getWeatherData
FN:144,getWeatherAlerts
FN:176,getAirPollution
FN:241,handler
FN:317,getCurrentAndForecast
FN:351,getHistoricalWeather
FN:395,getDailySummary
FN:422,getWeatherOverview
FN:442,getWeatherAssistantWebUrl
FN:466,getOneCallData
FN:548,transformDailyForecast
FN:565,(anonymous_42)
FN:600,transformCity
FN:656,getFullWeather
FN:679,fetchOpenWeatherOneCall
FN:695,fetchOpenWeatherForecast25
FN:704,fetchOpenWeatherTimemachine
FN:719,fetchOpenWeatherDaySummary
FN:734,fetchOpenWeatherOverview
FN:748,getOpenWeatherAssistantUrl
FN:765,fetchOpenMeteoWeather
FN:819,fetchOpenMeteoAirPollen
FN:876,fetchStormglassMarine
FN:885,(anonymous_54)
FN:886,(anonymous_55)
FN:887,(anonymous_56)
FN:888,(anonymous_57)
FN:889,(anonymous_58)
FN:891,(anonymous_59)
FN:921,fetchStormglassTides
FN:922,(anonymous_61)
FN:923,(anonymous_62)
FN:924,(anonymous_63)
FN:925,(anonymous_64)
FN:926,(anonymous_65)
FN:928,(anonymous_66)
FN:959,normalizeWeatherFeatures
FN:965,(anonymous_68)
FN:972,(anonymous_69)
FN:973,(anonymous_70)
FN:973,(anonymous_71)
FN:979,(anonymous_72)
FN:988,(anonymous_73)
FN:995,(anonymous_74)
FN:1047,fetchStormglassAstronomy
FN:1054,(anonymous_76)
FN:1055,(anonymous_77)
FN:1056,(anonymous_78)
FN:1057,(anonymous_79)
FN:1058,(anonymous_80)
FN:1060,(anonymous_81)
FN:1086,fetchStormglassBio
FN:1094,(anonymous_83)
FN:1095,(anonymous_84)
FN:1096,(anonymous_85)
FN:1097,(anonymous_86)
FN:1098,(anonymous_87)
FN:1100,(anonymous_88)
FNF:61
FNH:7
FNDA:0,normalizeCoreWeatherFields
FNDA:0,pickField
FNDA:0,(anonymous_30)
FNDA:0,getWeatherData
FNDA:0,getWeatherAlerts
FNDA:0,getAirPollution
FNDA:0,handler
FNDA:0,getCurrentAndForecast
FNDA:0,getHistoricalWeather
FNDA:0,getDailySummary
FNDA:0,getWeatherOverview
FNDA:0,getWeatherAssistantWebUrl
FNDA:0,getOneCallData
FNDA:0,transformDailyForecast
FNDA:0,(anonymous_42)
FNDA:0,transformCity
FNDA:0,getFullWeather
FNDA:0,fetchOpenWeatherOneCall
FNDA:0,fetchOpenWeatherForecast25
FNDA:0,fetchOpenWeatherTimemachine
FNDA:0,fetchOpenWeatherDaySummary
FNDA:0,fetchOpenWeatherOverview
FNDA:0,getOpenWeatherAssistantUrl
FNDA:0,fetchOpenMeteoWeather
FNDA:0,fetchOpenMeteoAirPollen
FNDA:0,fetchStormglassMarine
FNDA:0,(anonymous_54)
FNDA:0,(anonymous_55)
FNDA:0,(anonymous_56)
FNDA:0,(anonymous_57)
FNDA:0,(anonymous_58)
FNDA:0,(anonymous_59)
FNDA:0,fetchStormglassTides
FNDA:0,(anonymous_61)
FNDA:0,(anonymous_62)
FNDA:0,(anonymous_63)
FNDA:0,(anonymous_64)
FNDA:0,(anonymous_65)
FNDA:0,(anonymous_66)
FNDA:1,normalizeWeatherFeatures
FNDA:2,(anonymous_68)
FNDA:4,(anonymous_69)
FNDA:16,(anonymous_70)
FNDA:16,(anonymous_71)
FNDA:2,(anonymous_72)
FNDA:1,(anonymous_73)
FNDA:0,(anonymous_74)
FNDA:0,fetchStormglassAstronomy
FNDA:0,(anonymous_76)
FNDA:0,(anonymous_77)
FNDA:0,(anonymous_78)
FNDA:0,(anonymous_79)
FNDA:0,(anonymous_80)
FNDA:0,(anonymous_81)
FNDA:0,fetchStormglassBio
FNDA:0,(anonymous_83)
FNDA:0,(anonymous_84)
FNDA:0,(anonymous_85)
FNDA:0,(anonymous_86)
FNDA:0,(anonymous_87)
FNDA:0,(anonymous_88)
DA:24,0
DA:25,0
DA:26,0
DA:27,0
DA:29,0
DA:31,0
DA:33,0
DA:37,0
DA:41,0
DA:81,0
DA:83,0
DA:84,0
DA:87,0
DA:89,0
DA:97,0
DA:98,0
DA:99,0
DA:101,0
DA:105,0
DA:106,0
DA:107,0
DA:109,0
DA:113,0
DA:119,0
DA:120,0
DA:145,0
DA:152,0
DA:153,0
DA:154,0
DA:155,0
DA:157,0
DA:177,0
DA:178,0
DA:179,0
DA:180,0
DA:181,0
DA:242,0
DA:243,0
DA:245,0
DA:246,0
DA:249,0
DA:251,0
DA:252,0
DA:253,0
DA:259,0
DA:260,0
DA:261,0
DA:267,0
DA:268,0
DA:270,0
DA:271,0
DA:273,0
DA:276,0
DA:277,0
DA:302,1
DA:303,1
DA:304,1
DA:305,1
DA:306,1
DA:307,1
DA:318,0
DA:325,0
DA:326,0
DA:327,0
DA:328,0
DA:329,0
DA:352,0
DA:358,0
DA:359,0
DA:360,0
DA:364,0
DA:365,0
DA:396,0
DA:402,0
DA:403,0
DA:404,0
DA:410,0
DA:411,0
DA:423,0
DA:428,0
DA:429,0
DA:430,0
DA:431,0
DA:432,0
DA:443,0
DA:467,0
DA:468,0
DA:470,0
DA:477,0
DA:479,0
DA:480,0
DA:482,0
DA:483,0
DA:484,0
DA:486,0
DA:487,0
DA:488,0
DA:490,0
DA:492,0
DA:493,0
DA:495,0
DA:496,0
DA:499,0
DA:500,0
DA:501,0
DA:503,0
DA:505,0
DA:506,0
DA:507,0
DA:509,0
DA:510,0
DA:514,0
DA:515,0
DA:517,0
DA:518,0
DA:519,0
DA:520,0
DA:521,0
DA:524,0
DA:526,0
DA:549,0
DA:565,0
DA:566,0
DA:567,0
DA:601,0
DA:657,0
DA:658,0
DA:659,0
DA:674,0
DA:680,0
DA:687,0
DA:688,0
DA:689,0
DA:690,0
DA:691,0
DA:696,0
DA:697,0
DA:698,0
DA:699,0
DA:700,0
DA:705,0
DA:711,0
DA:712,0
DA:713,0
DA:714,0
DA:715,0
DA:720,0
DA:726,0
DA:727,0
DA:728,0
DA:729,0
DA:730,0
DA:735,0
DA:740,0
DA:741,0
DA:742,0
DA:743,0
DA:744,0
DA:749,0
DA:767,0
DA:768,0
DA:769,0
DA:771,0
DA:772,0
DA:775,0
DA:776,0
DA:777,0
DA:778,0
DA:779,0
DA:780,0
DA:781,0
DA:797,0
DA:798,0
DA:799,0
DA:800,0
DA:801,0
DA:803,0
DA:821,0
DA:822,0
DA:823,0
DA:825,0
DA:826,0
DA:829,0
DA:830,0
DA:831,0
DA:832,0
DA:833,0
DA:834,0
DA:837,0
DA:845,0
DA:846,0
DA:847,0
DA:848,0
DA:849,0
DA:850,0
DA:853,0
DA:854,0
DA:855,0
DA:861,0
DA:863,0
DA:885,0
DA:886,0
DA:887,0
DA:888,0
DA:889,0
DA:891,0
DA:893,0
DA:894,0
DA:895,0
DA:896,0
DA:897,0
DA:898,0
DA:906,0
DA:907,0
DA:908,0
DA:909,0
DA:911,0
DA:922,0
DA:923,0
DA:924,0
DA:925,0
DA:926,0
DA:928,0
DA:930,0
DA:931,0
DA:932,0
DA:934,0
DA:935,0
DA:936,0
DA:937,0
DA:938,0
DA:939,0
DA:941,0
DA:965,1
DA:966,2
DA:967,2
DA:971,1
DA:972,4
DA:973,16
DA:977,1
DA:980,2
DA:981,2
DA:982,2
DA:988,1
DA:993,1
DA:994,1
DA:995,0
DA:996,0
DA:997,0
DA:998,0
DA:1001,0
DA:1002,0
DA:1003,0
DA:1023,1
DA:1034,1
DA:1036,1
DA:1054,0
DA:1055,0
DA:1056,0
DA:1057,0
DA:1058,0
DA:1060,0
DA:1062,0
DA:1063,0
DA:1064,0
DA:1065,0
DA:1066,0
DA:1068,0
DA:1069,0
DA:1070,0
DA:1071,0
DA:1073,0
DA:1094,0
DA:1095,0
DA:1096,0
DA:1097,0
DA:1098,0
DA:1100,0
DA:1102,0
DA:1103,0
DA:1104,0
DA:1105,0
DA:1106,0
DA:1107,0
DA:1111,0
DA:1112,0
DA:1113,0
DA:1114,0
DA:1116,0
DA:1122,0
DA:1123,0
DA:1124,0
DA:1125,0
DA:1126,0
DA:1127,0
DA:1128,0
DA:1129,0
DA:1130,0
DA:1131,0
DA:1132,0
DA:1133,0
DA:1134,0
DA:1135,0
DA:1136,0
DA:1137,0
DA:1138,0
DA:1139,0
DA:1140,0
DA:1141,0
DA:1142,0
DA:1143,1
DA:1144,0
DA:1145,1
DA:1146,2
DA:1147,0
DA:1148,0
LF:316
LH:25
BRDA:26,0,0,0
BRDA:26,0,1,0
BRDA:26,1,0,0
BRDA:26,1,1,0
BRDA:26,1,2,0
BRDA:31,2,0,0
BRDA:31,2,1,0
BRDA:31,3,0,0
BRDA:31,3,1,0
BRDA:37,4,0,0
BRDA:37,4,1,0
BRDA:83,5,0,0
BRDA:83,5,1,0
BRDA:116,6,0,0
BRDA:116,6,1,0
BRDA:116,7,0,0
BRDA:116,7,1,0
BRDA:144,8,0,0
BRDA:149,9,0,0
BRDA:149,9,1,0
BRDA:150,10,0,0
BRDA:150,10,1,0
BRDA:155,11,0,0
BRDA:155,11,1,0
BRDA:157,12,0,0
BRDA:157,12,1,0
BRDA:180,13,0,0
BRDA:180,13,1,0
BRDA:245,14,0,0
BRDA:245,14,1,0
BRDA:245,15,0,0
BRDA:245,15,1,0
BRDA:259,16,0,0
BRDA:259,16,1,0
BRDA:268,17,0,0
BRDA:268,17,1,0
BRDA:270,18,0,0
BRDA:270,18,1,0
BRDA:270,19,0,0
BRDA:270,19,1,0
BRDA:317,20,0,0
BRDA:322,21,0,0
BRDA:322,21,1,0
BRDA:323,22,0,0
BRDA:323,22,1,0
BRDA:328,23,0,0
BRDA:328,23,1,0
BRDA:364,24,0,0
BRDA:364,24,1,0
BRDA:410,25,0,0
BRDA:410,25,1,0
BRDA:431,26,0,0
BRDA:431,26,1,0
BRDA:466,27,0,0
BRDA:467,28,0,0
BRDA:467,28,1,0
BRDA:467,29,0,0
BRDA:467,29,1,0
BRDA:467,29,2,0
BRDA:467,29,3,0
BRDA:467,29,4,0
BRDA:473,30,0,0
BRDA:473,30,1,0
BRDA:475,31,0,0
BRDA:475,31,1,0
BRDA:490,32,0,0
BRDA:490,32,1,0
BRDA:492,33,0,0
BRDA:492,33,1,0
BRDA:506,34,0,0
BRDA:506,34,1,0
BRDA:514,35,0,0
BRDA:514,35,1,0
BRDA:519,36,0,0
BRDA:519,36,1,0
BRDA:549,37,0,0
BRDA:549,37,1,0
BRDA:583,38,0,0
BRDA:583,38,1,0
BRDA:586,39,0,0
BRDA:586,39,1,0
BRDA:587,40,0,0
BRDA:587,40,1,0
BRDA:588,41,0,0
BRDA:588,41,1,0
BRDA:607,42,0,0
BRDA:607,42,1,0
BRDA:608,43,0,0
BRDA:608,43,1,0
BRDA:609,44,0,0
BRDA:609,44,1,0
BRDA:656,45,0,0
BRDA:658,46,0,0
BRDA:658,46,1,0
BRDA:662,47,0,0
BRDA:662,47,1,0
BRDA:665,48,0,0
BRDA:665,48,1,0
BRDA:666,49,0,0
BRDA:666,49,1,0
BRDA:667,50,0,0
BRDA:667,50,1,0
BRDA:668,51,0,0
BRDA:668,51,1,0
BRDA:669,52,0,0
BRDA:669,52,1,0
BRDA:684,53,0,0
BRDA:684,53,1,0
BRDA:685,54,0,0
BRDA:685,54,1,0
BRDA:690,55,0,0
BRDA:690,55,1,0
BRDA:696,56,0,0
BRDA:696,56,1,0
BRDA:699,57,0,0
BRDA:699,57,1,0
BRDA:714,58,0,0
BRDA:714,58,1,0
BRDA:729,59,0,0
BRDA:729,59,1,0
BRDA:743,60,0,0
BRDA:743,60,1,0
BRDA:771,61,0,0
BRDA:771,61,1,0
BRDA:800,62,0,0
BRDA:800,62,1,0
BRDA:803,63,0,0
BRDA:803,63,1,0
BRDA:825,64,0,0
BRDA:825,64,1,0
BRDA:849,65,0,0
BRDA:849,65,1,0
BRDA:853,66,0,0
BRDA:853,66,1,0
BRDA:853,67,0,0
BRDA:853,67,1,0
BRDA:853,67,2,0
BRDA:863,68,0,0
BRDA:863,68,1,0
BRDA:885,69,0,0
BRDA:898,70,0,0
BRDA:898,70,1,0
BRDA:908,71,0,0
BRDA:908,71,1,0
BRDA:922,72,0,0
BRDA:936,73,0,0
BRDA:936,73,1,0
BRDA:938,74,0,0
BRDA:938,74,1,0
BRDA:938,75,0,0
BRDA:938,75,1,0
BRDA:966,76,0,2
BRDA:966,76,1,0
BRDA:967,77,0,2
BRDA:967,77,1,0
BRDA:971,78,0,1
BRDA:971,78,1,0
BRDA:972,79,0,4
BRDA:972,79,1,0
BRDA:972,80,0,4
BRDA:972,80,1,4
BRDA:977,81,0,1
BRDA:977,81,1,0
BRDA:984,82,0,1
BRDA:984,82,1,1
BRDA:994,83,0,0
BRDA:994,83,1,1
BRDA:995,84,0,0
BRDA:995,84,1,0
BRDA:1001,85,0,0
BRDA:1001,85,1,0
BRDA:1001,85,2,0
BRDA:1002,86,0,0
BRDA:1002,86,1,0
BRDA:1024,87,0,1
BRDA:1024,87,1,0
BRDA:1026,88,0,1
BRDA:1026,88,1,0
BRDA:1027,89,0,1
BRDA:1027,89,1,0
BRDA:1028,90,0,1
BRDA:1028,90,1,0
BRDA:1029,91,0,1
BRDA:1029,91,1,0
BRDA:1034,92,0,0
BRDA:1034,92,1,1
BRDA:1054,93,0,0
BRDA:1070,94,0,0
BRDA:1070,94,1,0
BRDA:1094,95,0,0
BRDA:1107,96,0,0
BRDA:1107,96,1,0
BRDA:1113,97,0,0
BRDA:1113,97,1,0
BRF:194
BRH:16
end_of_record
